c:\users\hrich\onedrive\documents\comp371quiz2\comp371s2-a2-master\comp371\x64\debug\vc142.pdb
c:\users\hrich\onedrive\documents\comp371quiz2\comp371s2-a2-master\comp371\x64\debug\vc142.idb
c:\users\hrich\onedrive\documents\comp371quiz2\comp371s2-a2-master\comp371\x64\debug\glad.obj
c:\users\hrich\onedrive\documents\comp371quiz2\comp371s2-a2-master\comp371\x64\debug\texture.obj
c:\users\hrich\onedrive\documents\comp371quiz2\comp371s2-a2-master\comp371\x64\debug\stb.obj
c:\users\hrich\onedrive\documents\comp371quiz2\comp371s2-a2-master\comp371\x64\debug\wall.obj
c:\users\hrich\onedrive\documents\comp371quiz2\comp371s2-a2-master\comp371\x64\debug\shader.obj
c:\users\hrich\onedrive\documents\comp371quiz2\comp371s2-a2-master\comp371\x64\debug\grid.obj
c:\users\hrich\onedrive\documents\comp371quiz2\comp371s2-a2-master\comp371\x64\debug\cube.obj
c:\users\hrich\onedrive\documents\comp371quiz2\comp371s2-a2-master\comp371\x64\debug\axis.obj
c:\users\hrich\onedrive\documents\comp371quiz2\comp371s2-a2-master\comp371\x64\debug\main.obj
c:\users\hrich\onedrive\documents\comp371quiz2\comp371s2-a2-master\x64\debug\comp371.pdb
c:\users\hrich\onedrive\documents\comp371quiz2\comp371s2-a2-master\comp371\x64\debug\comp371.tlog\cl.command.1.tlog
c:\users\hrich\onedrive\documents\comp371quiz2\comp371s2-a2-master\comp371\x64\debug\comp371.tlog\cl.read.1.tlog
c:\users\hrich\onedrive\documents\comp371quiz2\comp371s2-a2-master\comp371\x64\debug\comp371.tlog\cl.write.1.tlog
c:\users\hrich\onedrive\documents\comp371quiz2\comp371s2-a2-master\comp371\x64\debug\comp371.tlog\link-cvtres.read.1.tlog
c:\users\hrich\onedrive\documents\comp371quiz2\comp371s2-a2-master\comp371\x64\debug\comp371.tlog\link-cvtres.write.1.tlog
c:\users\hrich\onedrive\documents\comp371quiz2\comp371s2-a2-master\comp371\x64\debug\comp371.tlog\link-rc.read.1.tlog
c:\users\hrich\onedrive\documents\comp371quiz2\comp371s2-a2-master\comp371\x64\debug\comp371.tlog\link-rc.write.1.tlog
c:\users\hrich\onedrive\documents\comp371quiz2\comp371s2-a2-master\comp371\x64\debug\comp371.tlog\link.command.1.tlog
c:\users\hrich\onedrive\documents\comp371quiz2\comp371s2-a2-master\comp371\x64\debug\comp371.tlog\link.read.1.tlog
c:\users\hrich\onedrive\documents\comp371quiz2\comp371s2-a2-master\comp371\x64\debug\comp371.tlog\link.write.1.tlog
